<html>
<body>
<pre>
<h1>µVision Build Log</h1>
<h2>Tool Versions:</h2>
IDE-Version: µVision V5.24.2.0
Copyright (C) 2017 ARM Ltd and ARM Germany GmbH. All rights reserved.
License Information: Richard Cloutier, RIT, LIC=----
 
Tool Versions:
Toolchain:       MDK-Lite  Version: 5.24.1
Toolchain Path:  C:\Keil_v5\ARM\ARMCC\Bin
C Compiler:      Armcc.exe V5.06 update 5 (build 528)
Assembler:       Armasm.exe V5.06 update 5 (build 528)
Linker/Locator:  ArmLink.exe V5.06 update 5 (build 528)
Library Manager: ArmAr.exe V5.06 update 5 (build 528)
Hex Converter:   FromElf.exe V5.06 update 5 (build 528)
CPU DLL:         SARMCM3.DLL V5.24.1
Dialog DLL:      DCM.DLL V1.16.0.0
Target DLL:      CMSIS_AGDI.dll V1.28.3.0
Dialog DLL:      TCM.DLL V1.32.0.0
 
<h2>Project:</h2>
F:\Senior Design\Code\NXP.uvprojx
Project File Date:  04/13/2019

<h2>Output:</h2>
*** Using Compiler 'V5.06 update 5 (build 528)', folder: 'C:\Keil_v5\ARM\ARMCC\Bin'
Build target 'Target 1'
compiling main.c...
main.c(191): error:  #169: expected a declaration
  }
main.c(267): warning:  #12-D: parsing restarts here after previous syntax error
          distance=getUltrasonic();
main.c(268): error:  #169: expected a declaration
        }
main.c(284): warning:  #12-D: parsing restarts here after previous syntax error
    LEFT_DESIRED=desiredSpeed;
main.c(285): error:  #77-D: this declaration has no storage class or type specifier
    RIGHT_DESIRED=desiredSpeed;
main.c(285): error:  #147: declaration is incompatible with "float RIGHT_DESIRED"  (declared at line 89)
    RIGHT_DESIRED=desiredSpeed;
main.c(285): error:  #148: variable "RIGHT_DESIRED"  has already been initialized
    RIGHT_DESIRED=desiredSpeed;
main.c(285): error:  #20: identifier "desiredSpeed" is undefined
    RIGHT_DESIRED=desiredSpeed;
main.c(286): error:  #169: expected a declaration
  }
main.c(314): warning:  #12-D: parsing restarts here after previous syntax error
      LEDon(
REEN);
main.c(315): error:  #169: expected a declaration
    }
main.c(437): warning: At end of source:  #12-D: parsing restarts here after previous syntax error
main.c: 4 warnings, 8 errors
compiling uart.c...
compiling pwm.c...
compiling inits.c...
inits.c(78): warning:  #1-D: last line of file ends without a newline
  }
inits.c: 1 warning, 0 errors
compiling isr.c...
compiling LEDS.c...
compiling ultrasonic.c...
compiling Bluetooth.c...
Bluetooth.c(299): warning:  #186-D: pointless comparison of unsigned integer with zero
    if(ctrl >= 0 && ctrl <= 14){
Bluetooth.c(187): warning:  #177-D: variable "c"  was declared but never referenced
    char  c[255];
Bluetooth.c(380): warning:  #177-D: variable "data_array_sections"  was declared but never referenced
      const int data_array_sections = 9; //items in bt data array
Bluetooth.c(383): warning:  #177-D: variable "qcv"  was declared but never referenced
      int qcv=0;
Bluetooth.c(385): warning:  #177-D: variable "au"  was declared but never referenced
      uint8_t au;
Bluetooth.c: 5 warnings, 0 errors
assembling startup_MK64F12.s...
RTE\Device\MK64FN1M0xxx12\startup_MK64F12.s(39): warning: A1581W: Added 1 bytes of padding at address 0xfff
compiling GPS.c...
GPS.c(143): warning:  #111-D: statement is unreachable
          snprintf(phoneChar,sizeof phoneChar, "%g", phoneGPS[0]);
GPS.c(89): warning:  #177-D: variable "demoi"  was declared but never referenced
      int demoi;
GPS.c(90): warning:  #177-D: variable "demoj"  was declared but never referenced
      int demoj;
GPS.c(91): warning:  #177-D: variable "test"  was declared but never referenced
      char test;
GPS.c(92): warning:  #177-D: variable "k64"  was declared but never referenced
      char k64[255];
GPS.c(93): warning:  #177-D: variable "from_ard"  was declared but never referenced
      char from_ard[255];
GPS.c(98): warning:  #550-D: variable "tDistance"  was set but never used
      float tDistance;
GPS.c(99): warning:  #550-D: variable "tAngle"  was set but never used
      float tAngle;
GPS.c: 8 warnings, 0 errors
compiling system_MK64F12.c...
".\Objects\NXP.axf" - 8 Error(s), 19 Warning(s).

<h2>Software Packages used:</h2>

Package Vendor: ARM
                http://www.keil.com/pack/ARM.CMSIS.5.1.1.pack
                ARM.CMSIS.5.1.1
                CMSIS (Cortex Microcontroller Software Interface Standard)
   * Component: CORE Version: 5.0.2

Package Vendor: Keil
                http://www.keil.com/pack/Keil.Kinetis_K60_DFP.1.5.0.pack
                Keil.Kinetis_K60_DFP.1.5.0
                NXP Kinetis K60 Series Device Support and Examples
   * Component: Startup Version: 1.0.0

<h2>Collection of Component include folders:</h2>
  .\RTE\_Target_1
  C:\Keil_v5\ARM\PACK\ARM\CMSIS\5.1.1\CMSIS\Include
  C:\Keil_v5\ARM\PACK\Keil\Kinetis_K60_DFP\1.5.0\Device\Include

<h2>Collection of Component Files used:</h2>

   * Component: Keil::Device:Startup:1.0.0
      Source file:   Device\Source\ARM\startup_MK64F12.s
      Source file:   Device\Source\system_MK64F12.c

   * Component: ARM::CMSIS:CORE:5.0.2
Target not created.
Build Time Elapsed:  00:00:04
</pre>
</body>
</html>
